<?xml version="1.0" encoding="UTF-8"?>
<!-- Generated by org.testng.reporters.JUnitXMLReporter -->
<testsuite hostname="sakib" name="Login" tests="1" failures="1" timestamp="21 Jul 2017 20:26:50 GMT" time="0.053" errors="0">
  <testcase name="pp" time="0.024" classname="cstech.com.Testngtest.Test.Logintest">
    <failure type="java.lang.NullPointerException">
      <![CDATA[java.lang.NullPointerException
	at cstech.com.Testngtest.Test.Logintest.pp(Logintest.java:16)
... Removed 24 stack frames]]>
    </failure>
  </testcase> <!-- pp -->
</testsuite> <!-- Login -->
