<?xml version="1.0" encoding="UTF-8"?>
<!-- Generated by org.testng.reporters.JUnitXMLReporter -->
<testsuite hostname="sakib" name="Logincheck" tests="1" failures="1" timestamp="21 Jul 2017 19:58:53 GMT" time="0.024" errors="0">
  <testcase name="LoginTest" time="0.011" classname="cstech.com.Testngtest.Test.Logintest">
    <failure type="java.lang.NullPointerException">
      <![CDATA[java.lang.NullPointerException
	at cstech.com.Testngtest.Test.Logintest.LoginTest(Logintest.java:13)
... Removed 24 stack frames]]>
    </failure>
  </testcase> <!-- LoginTest -->
</testsuite> <!-- Logincheck -->
