<?xml version="1.0" encoding="UTF-8"?>
<!-- Generated by org.testng.reporters.JUnitXMLReporter -->
<testsuite hostname="sakib" name="Default test" tests="3" failures="0" timestamp="26 Jul 2017 11:11:19 GMT" time="32.374" errors="0">
  <testcase name="flightfinderTest" time="29.757" classname="cstech.com.Testngtest.Test.SelectFlight"/>
  <testcase name="waitforpageload2" time="0.029" classname="cstech.com.Testngtest.Test.SelectFlight"/>
  <testcase name="SelectFlight2" time="2.528" classname="cstech.com.Testngtest.Test.SelectFlight"/>
</testsuite> <!-- Default test -->
