<?xml version="1.0" encoding="UTF-8"?>
<!-- Generated by org.testng.reporters.JUnitXMLReporter -->
<testsuite hostname="sakib" name="Complete NewTours Site Test" tests="8" failures="0" timestamp="21 Aug 2017 11:47:27 GMT" time="26.311" errors="0">
  <testcase name="checkHomePageTitle" time="8.781" classname="cstech.com.Testngtest.Test.Logintest"/>
  <testcase name="loginTest" time="2.71" classname="cstech.com.Testngtest.Test.Logintest"/>
  <testcase name="checkFlightFindPageTitle" time="2.796" classname="cstech.com.Testngtest.Test.FlightFinder"/>
  <testcase name="flightfinderTest2" time="3.48" classname="cstech.com.Testngtest.Test.FlightFinder"/>
  <testcase name="waitforpageload2" time="0.007" classname="cstech.com.Testngtest.Test.SelectFlight"/>
  <testcase name="SelectFlight2" time="4.274" classname="cstech.com.Testngtest.Test.SelectFlight"/>
  <testcase name="checkBookFlightPageTitle" time="0.114" classname="cstech.com.Testngtest.Test.BookFlight"/>
  <testcase name="bookflightTest" time="3.118" classname="cstech.com.Testngtest.Test.BookFlight"/>
</testsuite> <!-- Complete NewTours Site Test -->
